<?xml version="1.0" encoding="UTF-8"?>
<!-- Generated by org.testng.reporters.JUnitReportReporter -->
<testsuite skipped="0" hostname="FATIHs-MBP" name="testNG.SearchTests" tests="1" failures="0" timestamp="21 Jun 2018 01:53:27 GMT" time="9.137" errors="0">
  <testcase name="amazonSearchOne" time="9.137" classname="testNG.SearchTests"/>
</testsuite> <!-- testNG.SearchTests -->
