<?xml version="1.0" encoding="UTF-8"?>
<!-- Generated by org.testng.reporters.JUnitReportReporter -->
<testsuite skipped="0" hostname="FATIHs-MBP" name="testNG.TestNGDemo" tests="2" failures="0" timestamp="20 Jun 2018 22:29:50 GMT" time="0.006" errors="0">
  <testcase name="testTwo" time="0.002" classname="testNG.TestNGDemo"/>
  <testcase name="testOne" time="0.004" classname="testNG.TestNGDemo"/>
</testsuite> <!-- testNG.TestNGDemo -->
