<?xml version="1.0" encoding="UTF-8"?>
<!-- Generated by org.testng.reporters.JUnitReportReporter -->
<testsuite skipped="0" hostname="FATIHs-MacBook-Pro.local" name="com.cybertek.TestNGDemo" tests="2" failures="0" timestamp="20 Jun 2018 01:01:32 GMT" time="0.006" errors="0">
  <testcase name="testSecond" time="0.001" classname="com.cybertek.TestNGDemo"/>
  <testcase name="testOne" time="0.005" classname="com.cybertek.TestNGDemo"/>
</testsuite> <!-- com.cybertek.TestNGDemo -->
