<?xml version="1.0" encoding="UTF-8"?>
<!-- Generated by org.testng.reporters.JUnitReportReporter -->
<testsuite skipped="0" hostname="FATIHs-MBP" name="testNG.Amazon" tests="1" failures="0" timestamp="21 Jun 2018 02:11:20 GMT" time="3.140" errors="0">
  <testcase name="search" time="3.140" classname="testNG.Amazon"/>
</testsuite> <!-- testNG.Amazon -->
